c:\moria\dung\dung\debug\dung.pch
c:\moria\dung\dung\debug\vc120.pdb
c:\moria\dung\dung\debug\vc120.idb
c:\moria\dung\dung\debug\stdafx.obj
c:\moria\dung\dung\debug\dung.obj
c:\moria\dung\dung\debug\mainfrm.obj
c:\moria\dung\dung\debug\childview.obj
c:\moria\dung\dung\debug\themark.obj
c:\moria\dung\dung\debug\kaching.obj
c:\moria\dung\dung\debug\dunggen1.obj
c:\moria\dung\dung\debug\dung.ilk
c:\moria\dung\dung\debug\dung.exe
c:\moria\dung\dung\debug\dung.pdb
c:\moria\dung\dung\debug\dung.res
c:\moria\dung\dung\debug\dung.tlog\cl.command.1.tlog
c:\moria\dung\dung\debug\dung.tlog\cl.read.1.tlog
c:\moria\dung\dung\debug\dung.tlog\cl.write.1.tlog
c:\moria\dung\dung\debug\dung.tlog\link.command.1.tlog
c:\moria\dung\dung\debug\dung.tlog\link.read.1.tlog
c:\moria\dung\dung\debug\dung.tlog\link.write.1.tlog
c:\moria\dung\dung\debug\dung.tlog\rc.command.1.tlog
c:\moria\dung\dung\debug\dung.tlog\rc.read.1.tlog
c:\moria\dung\dung\debug\dung.tlog\rc.write.1.tlog
